<?xml version="1.0" encoding="UTF-8"?>
<!-- Generated by org.testng.reporters.JUnitXMLReporter -->
<testsuite ignored="1" hostname="Laptop-BharatSingh" failures="0" tests="1" name="Default test" time="2.61" errors="0" timestamp="2023-08-21T23:40:04 IST">
  <testcase classname="TestScript.CheckoutPage" name="CheckOut_testCase1" time="0.239"/>
  <testcase classname="TestScript.CheckoutPage" name="CheckOut_testCase2" time="0.0">
    <ignored/>
  </testcase> <!-- CheckOut_testCase2 -->
</testsuite> <!-- Default test -->
