<?xml version="1.0" encoding="UTF-8"?>
<testng-results ignored="0" total="1" passed="1" failed="0" skipped="0">
  <reporter-output>
  </reporter-output>
  <suite started-at="2023-08-21T23:40:01 IST" name="Default suite" finished-at="2023-08-21T23:40:04 IST" duration-ms="2610">
    <groups>
    </groups>
    <test started-at="2023-08-21T23:40:01 IST" name="Default test" finished-at="2023-08-21T23:40:04 IST" duration-ms="2610">
      <class name="TestScript.CheckoutPage">
        <test-method is-config="true" signature="Setup()[pri:0, instance:TestScript.CheckoutPage@7cc0cdad]" started-at="2023-08-21T23:40:01 IST" name="Setup" finished-at="2023-08-21T23:40:03 IST" duration-ms="2193" status="PASS">
          <reporter-output>
          </reporter-output>
        </test-method> <!-- Setup -->
        <test-method signature="CheckOut_testCase1()[pri:0, instance:TestScript.CheckoutPage@7cc0cdad]" started-at="2023-08-21T23:40:03 IST" name="CheckOut_testCase1" finished-at="2023-08-21T23:40:04 IST" duration-ms="239" status="PASS">
          <reporter-output>
          </reporter-output>
        </test-method> <!-- CheckOut_testCase1 -->
        <test-method is-config="true" signature="TearDown()[pri:0, instance:TestScript.CheckoutPage@7cc0cdad]" started-at="2023-08-21T23:40:04 IST" name="TearDown" finished-at="2023-08-21T23:40:04 IST" duration-ms="130" status="PASS">
          <reporter-output>
          </reporter-output>
        </test-method> <!-- TearDown -->
      </class> <!-- TestScript.CheckoutPage -->
    </test> <!-- Default test -->
  </suite> <!-- Default suite -->
</testng-results>
